<?xml version="1.0" encoding="UTF-8"?>
<!-- Generated by org.testng.reporters.JUnitReportReporter -->
<testsuite name="com.test.appium.testbase.TestBase" tests="1" time="0.019" ignored="0" failures="0" timestamp="14 Aug 2018 10:50:09 GMT" skipped="0" hostname="prateek-PC" errors="0">
  <testcase name="f" time="0.019" classname="com.test.appium.testbase.TestBase"/>
</testsuite> <!-- com.test.appium.testbase.TestBase -->
